TN:
SF:src/app/app.component.ts
FN:12,AppComponent_Factory
FN:12,AppComponent_Template
FNF:2
FNH:2
FNDA:14,AppComponent_Factory
FNDA:105,AppComponent_Template
DA:12,105
DA:13,7
LF:2
LH:2
BRDA:12,0,0,14
BRDA:12,0,1,14
BRDA:12,1,0,7
BRDA:12,2,0,7
BRDA:12,2,1,7
BRDA:12,2,2,7
BRF:6
BRH:6
end_of_record
TN:
SF:src/app/app.config.ts
FNF:0
FNH:0
DA:8,7
LF:1
LH:1
BRF:0
BRH:0
end_of_record
TN:
SF:src/app/app.routes.ts
FNF:0
FNH:0
DA:11,7
LF:1
LH:1
BRF:0
BRH:0
end_of_record
TN:
SF:src/app/core/interceptors/auth.interceptor.ts
FN:5,(anonymous_0)
FNF:1
FNH:1
FNDA:11,(anonymous_0)
DA:5,7
DA:6,11
DA:7,11
DA:9,11
DA:10,9
DA:16,9
DA:19,2
LF:7
LH:7
BRDA:9,0,0,9
BRF:1
BRH:1
end_of_record
TN:
SF:src/app/core/models/CreateStudent.ts
FNF:0
FNH:0
LF:0
LH:0
BRF:0
BRH:0
end_of_record
TN:
SF:src/app/core/models/Login.ts
FNF:0
FNH:0
LF:0
LH:0
BRF:0
BRH:0
end_of_record
TN:
SF:src/app/core/models/Register.ts
FNF:0
FNH:0
LF:0
LH:0
BRF:0
BRH:0
end_of_record
TN:
SF:src/app/core/models/Student.ts
FNF:0
FNH:0
LF:0
LH:0
BRF:0
BRH:0
end_of_record
TN:
SF:src/app/core/service/auth.service.ts
FN:10,(anonymous_0)
FN:12,(anonymous_1)
FN:18,(anonymous_2)
FN:22,(anonymous_3)
FN:9,AuthService_Factory
FNF:5
FNH:5
FNDA:7,(anonymous_0)
FNDA:1,(anonymous_1)
FNDA:1,(anonymous_2)
FNDA:18,(anonymous_3)
FNDA:7,AuthService_Factory
DA:9,14
DA:10,7
DA:13,1
DA:19,1
DA:23,18
LF:5
LH:5
BRDA:9,0,0,14
BRDA:9,0,1,14
BRF:2
BRH:2
end_of_record
TN:
SF:src/app/core/service/student.service.ts
FN:12,(anonymous_0)
FN:14,(anonymous_1)
FN:18,(anonymous_2)
FN:22,(anonymous_3)
FN:26,(anonymous_4)
FN:30,(anonymous_5)
FN:10,StudentService_Factory
FNF:7
FNH:7
FNDA:5,(anonymous_0)
FNDA:2,(anonymous_1)
FNDA:4,(anonymous_2)
FNDA:1,(anonymous_3)
FNDA:1,(anonymous_4)
FNDA:1,(anonymous_5)
FNDA:5,StudentService_Factory
DA:10,12
DA:12,5
DA:15,2
DA:19,4
DA:23,1
DA:27,1
DA:31,1
LF:7
LH:7
BRDA:10,0,0,12
BRDA:10,0,1,12
BRF:2
BRH:2
end_of_record
TN:
SF:src/app/core/service/user-mock.service.ts
FNF:0
FNH:0
LF:0
LH:0
BRF:0
BRH:0
end_of_record
TN:
SF:src/app/core/service/user.service.ts
FN:10,(anonymous_0)
FN:12,(anonymous_1)
FN:9,UserService_Factory
FNF:3
FNH:3
FNDA:1,(anonymous_0)
FNDA:1,(anonymous_1)
FNDA:1,UserService_Factory
DA:9,8
DA:10,1
DA:13,1
LF:3
LH:3
BRDA:9,0,0,8
BRDA:9,0,1,8
BRF:2
BRH:2
end_of_record
TN:
SF:src/app/guards/auth.guard.ts
FN:5,(anonymous_0)
FNF:1
FNH:1
FNDA:7,(anonymous_0)
DA:5,7
DA:6,7
DA:7,7
DA:9,7
DA:11,7
DA:12,7
DA:15,0
LF:7
LH:6
BRDA:11,0,0,7
BRF:1
BRH:1
end_of_record
TN:
SF:src/app/pages/login/login.component.ts
FN:28,(anonymous_9)
FN:37,(anonymous_10)
FN:41,(anonymous_11)
FN:59,(anonymous_12)
FN:66,(anonymous_13)
FN:76,(anonymous_14)
FN:17,LoginComponent_Factory
FN:17,LoginComponent_Template
FNF:8
FNH:6
FNDA:2,(anonymous_9)
FNDA:16,(anonymous_10)
FNDA:1,(anonymous_11)
FNDA:1,(anonymous_12)
FNDA:0,(anonymous_13)
FNDA:0,(anonymous_14)
FNDA:9,LoginComponent_Factory
FNDA:16,LoginComponent_Template
DA:17,23
DA:18,2
DA:19,2
DA:20,2
DA:21,2
DA:22,2
DA:23,2
DA:24,2
DA:25,2
DA:26,2
DA:29,2
DA:38,16
DA:42,1
DA:44,1
DA:45,0
DA:47,1
DA:52,1
DA:53,1
DA:54,1
DA:56,1
DA:60,1
DA:61,1
DA:62,1
DA:63,1
DA:64,1
DA:68,0
DA:69,0
DA:70,0
DA:77,0
DA:78,0
DA:79,0
DA:80,0
DA:81,0
LF:33
LH:24
BRDA:44,0,0,0
BRDA:17,1,0,9
BRDA:17,1,1,9
BRDA:17,2,0,7
BRDA:17,2,1,7
BRDA:17,2,2,7
BRF:6
BRH:5
end_of_record
TN:
SF:src/app/pages/register/register.component.ts
FN:25,(anonymous_9)
FN:36,(anonymous_10)
FN:40,(anonymous_11)
FN:54,(anonymous_12)
FN:61,(anonymous_13)
FN:17,RegisterComponent_Factory
FN:17,RegisterComponent_Template
FNF:7
FNH:6
FNDA:1,(anonymous_9)
FNDA:16,(anonymous_10)
FNDA:1,(anonymous_11)
FNDA:1,(anonymous_12)
FNDA:0,(anonymous_13)
FNDA:8,RegisterComponent_Factory
FNDA:19,RegisterComponent_Template
DA:17,22
DA:18,1
DA:19,1
DA:20,1
DA:21,1
DA:22,1
DA:23,1
DA:26,1
DA:37,16
DA:41,1
DA:42,1
DA:43,0
DA:45,1
DA:51,1
DA:55,1
DA:56,1
DA:62,0
DA:63,0
LF:18
LH:15
BRDA:42,0,0,0
BRDA:17,1,0,8
BRDA:17,1,1,8
BRDA:17,2,0,7
BRDA:17,2,1,7
BRDA:17,2,2,7
BRF:6
BRH:5
end_of_record
TN:
SF:src/app/pages/student-create/student-create.component.ts
FN:23,(anonymous_6)
FN:30,(anonymous_7)
FN:34,(anonymous_8)
FN:48,(anonymous_9)
FN:52,(anonymous_10)
FN:59,(anonymous_11)
FN:15,StudentCreateComponent_Factory
FN:15,StudentCreateComponent_Template
FNF:8
FNH:6
FNDA:1,(anonymous_6)
FNDA:16,(anonymous_7)
FNDA:1,(anonymous_8)
FNDA:1,(anonymous_9)
FNDA:0,(anonymous_10)
FNDA:0,(anonymous_11)
FNDA:8,StudentCreateComponent_Factory
FNDA:13,StudentCreateComponent_Template
DA:15,22
DA:16,1
DA:17,1
DA:19,1
DA:20,1
DA:21,1
DA:24,1
DA:31,16
DA:36,1
DA:37,0
DA:40,1
DA:42,1
DA:47,1
DA:49,1
DA:50,1
DA:53,0
DA:54,0
DA:60,0
DA:61,0
LF:19
LH:14
BRDA:36,0,0,0
BRDA:15,1,0,8
BRDA:15,1,1,8
BRDA:15,2,0,7
BRDA:15,2,1,7
BRDA:15,2,2,7
BRF:6
BRH:5
end_of_record
TN:
SF:src/app/pages/student-detail/student-detail.component.ts
FN:23,(anonymous_3)
FN:26,(anonymous_4)
FN:29,(anonymous_5)
FN:36,(anonymous_6)
FN:42,(anonymous_7)
FN:46,(anonymous_8)
FN:15,StudentDetailComponent_Factory
FN:15,StudentDetailComponent_Template
FNF:8
FNH:6
FNDA:3,(anonymous_3)
FNDA:3,(anonymous_4)
FNDA:0,(anonymous_5)
FNDA:1,(anonymous_6)
FNDA:1,(anonymous_7)
FNDA:0,(anonymous_8)
FNDA:10,StudentDetailComponent_Factory
FNDA:17,StudentDetailComponent_Template
DA:15,24
DA:17,3
DA:18,3
DA:19,3
DA:21,3
DA:24,3
DA:25,3
DA:27,3
DA:30,0
DA:33,3
DA:37,1
DA:38,1
DA:39,0
DA:41,1
DA:43,1
DA:44,1
DA:47,0
LF:17
LH:14
BRDA:38,0,0,0
BRDA:15,1,0,10
BRDA:15,1,1,10
BRDA:15,2,0,7
BRDA:15,2,1,7
BRDA:15,2,2,7
BRF:6
BRH:5
end_of_record
TN:
SF:src/app/pages/student-edit/student-edit.component.ts
FN:25,(anonymous_6)
FN:36,(anonymous_7)
FN:43,(anonymous_8)
FN:49,(anonymous_9)
FN:53,(anonymous_10)
FN:68,(anonymous_11)
FN:72,(anonymous_12)
FN:79,(anonymous_13)
FN:16,StudentEditComponent_Factory
FN:16,StudentEditComponent_Template
FNF:10
FNH:7
FNDA:1,(anonymous_6)
FNDA:1,(anonymous_7)
FNDA:0,(anonymous_8)
FNDA:16,(anonymous_9)
FNDA:1,(anonymous_10)
FNDA:1,(anonymous_11)
FNDA:0,(anonymous_12)
FNDA:0,(anonymous_13)
FNDA:8,StudentEditComponent_Factory
FNDA:19,StudentEditComponent_Template
DA:16,22
DA:17,1
DA:18,1
DA:19,1
DA:21,1
DA:22,1
DA:23,1
DA:26,1
DA:31,1
DA:33,1
DA:35,1
DA:37,1
DA:38,1
DA:44,0
DA:50,16
DA:55,1
DA:56,0
DA:59,1
DA:61,1
DA:67,1
DA:69,1
DA:70,1
DA:73,0
DA:74,0
DA:80,0
DA:81,0
LF:26
LH:20
BRDA:55,0,0,0
BRDA:16,1,0,8
BRDA:16,1,1,8
BRDA:16,2,0,7
BRDA:16,2,1,7
BRDA:16,2,2,7
BRF:6
BRH:5
end_of_record
TN:
SF:src/app/pages/students/students.component.ts
FN:19,(anonymous_3)
FN:21,(anonymous_4)
FN:24,(anonymous_5)
FN:13,StudentsComponent_Factory
FN:13,StudentsComponent_Template
FNF:5
FNH:4
FNDA:2,(anonymous_3)
FNDA:2,(anonymous_4)
FNDA:0,(anonymous_5)
FNDA:9,StudentsComponent_Factory
FNDA:10,StudentsComponent_Template
DA:13,23
DA:15,2
DA:17,2
DA:20,2
DA:22,2
DA:25,0
LF:6
LH:5
BRDA:13,0,0,9
BRDA:13,0,1,9
BRDA:13,1,0,7
BRDA:13,1,1,7
BRDA:13,1,2,7
BRF:5
BRH:5
end_of_record
TN:
SF:src/app/shared/material.module.ts
FN:71,MaterialModule_Factory
FNF:1
FNH:1
FNDA:12,MaterialModule_Factory
DA:32,7
DA:65,7
DA:71,19
LF:3
LH:3
BRDA:71,0,0,12
BRDA:71,0,1,12
BRDA:71,1,0,7
BRDA:71,1,1,7
BRDA:71,1,2,0
BRF:5
BRH:4
end_of_record
